<?xml version="1.0" encoding="UTF-8"?>
<testsuite xmlns:xsi="http://www.w3.org/2001/XMLSchema-instance" xsi:noNamespaceSchemaLocation="https://maven.apache.org/surefire/maven-surefire-plugin/xsd/surefire-test-report-3.0.xsd" version="3.0" name="com.acn.sap_citest.AppTest" time="0.008" tests="0" errors="0" skipped="0" failures="0">
  <properties>
    <property name="java.specification.version" value="21"/>
    <property name="sun.cpu.isalist" value="amd64"/>
    <property name="sun.jnu.encoding" value="Cp1252"/>
    <property name="java.class.path" value="C:\Users\anoop.kumar.rai\Desktop\MAIN\workshop\sapcpi\SCPIScriptTest_v3\target\test-classes;C:\Users\anoop.kumar.rai\Desktop\MAIN\workshop\sapcpi\SCPIScriptTest_v3\target\classes;C:\Users\anoop.kumar.rai\.m2\repository\com\sap\cloud\script\script.api\2.15.0\script.api-2.15.0.jar;C:\Users\anoop.kumar.rai\.m2\repository\com\sap\cloud\adk\generic.api\3.16.0\generic.api-3.16.0.jar;C:\Users\anoop.kumar.rai\.m2\repository\org\osgi\osgi.cmpn\6.0.0\osgi.cmpn-6.0.0.jar;C:\Users\anoop.kumar.rai\.m2\repository\org\apache\camel\camel-core\3.14.7\camel-core-3.14.7.jar;C:\Users\anoop.kumar.rai\.m2\repository\org\apache\camel\camel-core-engine\3.14.7\camel-core-engine-3.14.7.jar;C:\Users\anoop.kumar.rai\.m2\repository\org\apache\camel\camel-api\3.14.7\camel-api-3.14.7.jar;C:\Users\anoop.kumar.rai\.m2\repository\org\apache\camel\camel-base-engine\3.14.7\camel-base-engine-3.14.7.jar;C:\Users\anoop.kumar.rai\.m2\repository\org\apache\camel\camel-base\3.14.7\camel-base-3.14.7.jar;C:\Users\anoop.kumar.rai\.m2\repository\org\apache\camel\camel-core-reifier\3.14.7\camel-core-reifier-3.14.7.jar;C:\Users\anoop.kumar.rai\.m2\repository\org\apache\camel\camel-core-processor\3.14.7\camel-core-processor-3.14.7.jar;C:\Users\anoop.kumar.rai\.m2\repository\org\apache\camel\camel-management-api\3.14.7\camel-management-api-3.14.7.jar;C:\Users\anoop.kumar.rai\.m2\repository\org\apache\camel\camel-support\3.14.7\camel-support-3.14.7.jar;C:\Users\anoop.kumar.rai\.m2\repository\org\apache\camel\camel-util\3.14.7\camel-util-3.14.7.jar;C:\Users\anoop.kumar.rai\.m2\repository\org\apache\camel\camel-core-languages\3.14.7\camel-core-languages-3.14.7.jar;C:\Users\anoop.kumar.rai\.m2\repository\org\apache\camel\camel-core-model\3.14.7\camel-core-model-3.14.7.jar;C:\Users\anoop.kumar.rai\.m2\repository\org\apache\camel\camel-bean\3.14.7\camel-bean-3.14.7.jar;C:\Users\anoop.kumar.rai\.m2\repository\org\apache\camel\camel-browse\3.14.7\camel-browse-3.14.7.jar;C:\Users\anoop.kumar.rai\.m2\repository\org\apache\camel\camel-cluster\3.14.7\camel-cluster-3.14.7.jar;C:\Users\anoop.kumar.rai\.m2\repository\org\apache\camel\camel-controlbus\3.14.7\camel-controlbus-3.14.7.jar;C:\Users\anoop.kumar.rai\.m2\repository\org\apache\camel\camel-dataformat\3.14.7\camel-dataformat-3.14.7.jar;C:\Users\anoop.kumar.rai\.m2\repository\org\apache\camel\camel-dataset\3.14.7\camel-dataset-3.14.7.jar;C:\Users\anoop.kumar.rai\.m2\repository\org\apache\camel\camel-direct\3.14.7\camel-direct-3.14.7.jar;C:\Users\anoop.kumar.rai\.m2\repository\org\apache\camel\camel-directvm\3.14.7\camel-directvm-3.14.7.jar;C:\Users\anoop.kumar.rai\.m2\repository\org\apache\camel\camel-file\3.14.7\camel-file-3.14.7.jar;C:\Users\anoop.kumar.rai\.m2\repository\org\apache\camel\camel-health\3.14.7\camel-health-3.14.7.jar;C:\Users\anoop.kumar.rai\.m2\repository\org\apache\camel\camel-language\3.14.7\camel-language-3.14.7.jar;C:\Users\anoop.kumar.rai\.m2\repository\org\apache\camel\camel-log\3.14.7\camel-log-3.14.7.jar;C:\Users\anoop.kumar.rai\.m2\repository\org\apache\camel\camel-mock\3.14.7\camel-mock-3.14.7.jar;C:\Users\anoop.kumar.rai\.m2\repository\org\apache\camel\camel-ref\3.14.7\camel-ref-3.14.7.jar;C:\Users\anoop.kumar.rai\.m2\repository\org\apache\camel\camel-rest\3.14.7\camel-rest-3.14.7.jar;C:\Users\anoop.kumar.rai\.m2\repository\org\apache\camel\camel-tooling-model\3.14.7\camel-tooling-model-3.14.7.jar;C:\Users\anoop.kumar.rai\.m2\repository\org\apache\camel\camel-util-json\3.14.7\camel-util-json-3.14.7.jar;C:\Users\anoop.kumar.rai\.m2\repository\org\apache\camel\camel-saga\3.14.7\camel-saga-3.14.7.jar;C:\Users\anoop.kumar.rai\.m2\repository\org\apache\camel\camel-scheduler\3.14.7\camel-scheduler-3.14.7.jar;C:\Users\anoop.kumar.rai\.m2\repository\org\apache\camel\camel-seda\3.14.7\camel-seda-3.14.7.jar;C:\Users\anoop.kumar.rai\.m2\repository\org\apache\camel\camel-stub\3.14.7\camel-stub-3.14.7.jar;C:\Users\anoop.kumar.rai\.m2\repository\org\apache\camel\camel-timer\3.14.7\camel-timer-3.14.7.jar;C:\Users\anoop.kumar.rai\.m2\repository\org\apache\camel\camel-validator\3.14.7\camel-validator-3.14.7.jar;C:\Users\anoop.kumar.rai\.m2\repository\org\apache\camel\camel-vm\3.14.7\camel-vm-3.14.7.jar;C:\Users\anoop.kumar.rai\.m2\repository\org\apache\camel\camel-xpath\3.14.7\camel-xpath-3.14.7.jar;C:\Users\anoop.kumar.rai\.m2\repository\org\apache\camel\camel-xslt\3.14.7\camel-xslt-3.14.7.jar;C:\Users\anoop.kumar.rai\.m2\repository\org\apache\camel\camel-xml-jaxb\3.14.7\camel-xml-jaxb-3.14.7.jar;C:\Users\anoop.kumar.rai\.m2\repository\jakarta\xml\bind\jakarta.xml.bind-api\2.3.3\jakarta.xml.bind-api-2.3.3.jar;C:\Users\anoop.kumar.rai\.m2\repository\jakarta\activation\jakarta.activation-api\1.2.2\jakarta.activation-api-1.2.2.jar;C:\Users\anoop.kumar.rai\.m2\repository\com\sun\xml\bind\jaxb-core\2.3.0\jaxb-core-2.3.0.jar;C:\Users\anoop.kumar.rai\.m2\repository\com\sun\xml\bind\jaxb-impl\2.3.3\jaxb-impl-2.3.3.jar;C:\Users\anoop.kumar.rai\.m2\repository\com\sun\activation\jakarta.activation\1.2.2\jakarta.activation-1.2.2.jar;C:\Users\anoop.kumar.rai\.m2\repository\org\apache\camel\camel-xml-jaxp\3.14.7\camel-xml-jaxp-3.14.7.jar;C:\Users\anoop.kumar.rai\.m2\repository\org\apache\camel\camel-xml-io-util\3.14.7\camel-xml-io-util-3.14.7.jar;C:\Users\anoop.kumar.rai\.m2\repository\org\slf4j\slf4j-api\1.7.36\slf4j-api-1.7.36.jar;C:\Users\anoop.kumar.rai\.m2\repository\org\codehaus\groovy\groovy\2.4.21\groovy-2.4.21.jar;C:\Users\anoop.kumar.rai\.m2\repository\org\mockito\mockito-core\4.11.0\mockito-core-4.11.0.jar;C:\Users\anoop.kumar.rai\.m2\repository\net\bytebuddy\byte-buddy\1.12.19\byte-buddy-1.12.19.jar;C:\Users\anoop.kumar.rai\.m2\repository\net\bytebuddy\byte-buddy-agent\1.12.19\byte-buddy-agent-1.12.19.jar;C:\Users\anoop.kumar.rai\.m2\repository\org\objenesis\objenesis\3.3\objenesis-3.3.jar;C:\Users\anoop.kumar.rai\.m2\repository\org\mockito\mockito-inline\4.11.0\mockito-inline-4.11.0.jar;"/>
    <property name="java.vm.vendor" value="Oracle Corporation"/>
    <property name="sun.arch.data.model" value="64"/>
    <property name="user.variant" value=""/>
    <property name="java.vendor.url" value="https://java.oracle.com/"/>
    <property name="user.timezone" value="Europe/Berlin"/>
    <property name="user.country.format" value="DE"/>
    <property name="os.name" value="Windows 11"/>
    <property name="java.vm.specification.version" value="21"/>
    <property name="sun.java.launcher" value="SUN_STANDARD"/>
    <property name="user.country" value="US"/>
    <property name="sun.boot.library.path" value="C:\Users\anoop.kumar.rai\Desktop\MAIN\SOFTWARE\openjdk-21\jdk-21.0.2\bin"/>
    <property name="sun.java.command" value="C:\Users\anoop.kumar.rai\AppData\Local\Temp\surefire9949935233377170638\surefirebooter-20250903042737151_3.jar C:\Users\anoop.kumar.rai\AppData\Local\Temp\surefire9949935233377170638 2025-09-03T04-27-36_902-jvmRun1 surefire-20250903042737151_1tmp surefire_0-20250903042737151_2tmp"/>
    <property name="jdk.debug" value="release"/>
    <property name="surefire.test.class.path" value="C:\Users\anoop.kumar.rai\Desktop\MAIN\workshop\sapcpi\SCPIScriptTest_v3\target\test-classes;C:\Users\anoop.kumar.rai\Desktop\MAIN\workshop\sapcpi\SCPIScriptTest_v3\target\classes;C:\Users\anoop.kumar.rai\.m2\repository\com\sap\cloud\script\script.api\2.15.0\script.api-2.15.0.jar;C:\Users\anoop.kumar.rai\.m2\repository\com\sap\cloud\adk\generic.api\3.16.0\generic.api-3.16.0.jar;C:\Users\anoop.kumar.rai\.m2\repository\org\osgi\osgi.cmpn\6.0.0\osgi.cmpn-6.0.0.jar;C:\Users\anoop.kumar.rai\.m2\repository\org\apache\camel\camel-core\3.14.7\camel-core-3.14.7.jar;C:\Users\anoop.kumar.rai\.m2\repository\org\apache\camel\camel-core-engine\3.14.7\camel-core-engine-3.14.7.jar;C:\Users\anoop.kumar.rai\.m2\repository\org\apache\camel\camel-api\3.14.7\camel-api-3.14.7.jar;C:\Users\anoop.kumar.rai\.m2\repository\org\apache\camel\camel-base-engine\3.14.7\camel-base-engine-3.14.7.jar;C:\Users\anoop.kumar.rai\.m2\repository\org\apache\camel\camel-base\3.14.7\camel-base-3.14.7.jar;C:\Users\anoop.kumar.rai\.m2\repository\org\apache\camel\camel-core-reifier\3.14.7\camel-core-reifier-3.14.7.jar;C:\Users\anoop.kumar.rai\.m2\repository\org\apache\camel\camel-core-processor\3.14.7\camel-core-processor-3.14.7.jar;C:\Users\anoop.kumar.rai\.m2\repository\org\apache\camel\camel-management-api\3.14.7\camel-management-api-3.14.7.jar;C:\Users\anoop.kumar.rai\.m2\repository\org\apache\camel\camel-support\3.14.7\camel-support-3.14.7.jar;C:\Users\anoop.kumar.rai\.m2\repository\org\apache\camel\camel-util\3.14.7\camel-util-3.14.7.jar;C:\Users\anoop.kumar.rai\.m2\repository\org\apache\camel\camel-core-languages\3.14.7\camel-core-languages-3.14.7.jar;C:\Users\anoop.kumar.rai\.m2\repository\org\apache\camel\camel-core-model\3.14.7\camel-core-model-3.14.7.jar;C:\Users\anoop.kumar.rai\.m2\repository\org\apache\camel\camel-bean\3.14.7\camel-bean-3.14.7.jar;C:\Users\anoop.kumar.rai\.m2\repository\org\apache\camel\camel-browse\3.14.7\camel-browse-3.14.7.jar;C:\Users\anoop.kumar.rai\.m2\repository\org\apache\camel\camel-cluster\3.14.7\camel-cluster-3.14.7.jar;C:\Users\anoop.kumar.rai\.m2\repository\org\apache\camel\camel-controlbus\3.14.7\camel-controlbus-3.14.7.jar;C:\Users\anoop.kumar.rai\.m2\repository\org\apache\camel\camel-dataformat\3.14.7\camel-dataformat-3.14.7.jar;C:\Users\anoop.kumar.rai\.m2\repository\org\apache\camel\camel-dataset\3.14.7\camel-dataset-3.14.7.jar;C:\Users\anoop.kumar.rai\.m2\repository\org\apache\camel\camel-direct\3.14.7\camel-direct-3.14.7.jar;C:\Users\anoop.kumar.rai\.m2\repository\org\apache\camel\camel-directvm\3.14.7\camel-directvm-3.14.7.jar;C:\Users\anoop.kumar.rai\.m2\repository\org\apache\camel\camel-file\3.14.7\camel-file-3.14.7.jar;C:\Users\anoop.kumar.rai\.m2\repository\org\apache\camel\camel-health\3.14.7\camel-health-3.14.7.jar;C:\Users\anoop.kumar.rai\.m2\repository\org\apache\camel\camel-language\3.14.7\camel-language-3.14.7.jar;C:\Users\anoop.kumar.rai\.m2\repository\org\apache\camel\camel-log\3.14.7\camel-log-3.14.7.jar;C:\Users\anoop.kumar.rai\.m2\repository\org\apache\camel\camel-mock\3.14.7\camel-mock-3.14.7.jar;C:\Users\anoop.kumar.rai\.m2\repository\org\apache\camel\camel-ref\3.14.7\camel-ref-3.14.7.jar;C:\Users\anoop.kumar.rai\.m2\repository\org\apache\camel\camel-rest\3.14.7\camel-rest-3.14.7.jar;C:\Users\anoop.kumar.rai\.m2\repository\org\apache\camel\camel-tooling-model\3.14.7\camel-tooling-model-3.14.7.jar;C:\Users\anoop.kumar.rai\.m2\repository\org\apache\camel\camel-util-json\3.14.7\camel-util-json-3.14.7.jar;C:\Users\anoop.kumar.rai\.m2\repository\org\apache\camel\camel-saga\3.14.7\camel-saga-3.14.7.jar;C:\Users\anoop.kumar.rai\.m2\repository\org\apache\camel\camel-scheduler\3.14.7\camel-scheduler-3.14.7.jar;C:\Users\anoop.kumar.rai\.m2\repository\org\apache\camel\camel-seda\3.14.7\camel-seda-3.14.7.jar;C:\Users\anoop.kumar.rai\.m2\repository\org\apache\camel\camel-stub\3.14.7\camel-stub-3.14.7.jar;C:\Users\anoop.kumar.rai\.m2\repository\org\apache\camel\camel-timer\3.14.7\camel-timer-3.14.7.jar;C:\Users\anoop.kumar.rai\.m2\repository\org\apache\camel\camel-validator\3.14.7\camel-validator-3.14.7.jar;C:\Users\anoop.kumar.rai\.m2\repository\org\apache\camel\camel-vm\3.14.7\camel-vm-3.14.7.jar;C:\Users\anoop.kumar.rai\.m2\repository\org\apache\camel\camel-xpath\3.14.7\camel-xpath-3.14.7.jar;C:\Users\anoop.kumar.rai\.m2\repository\org\apache\camel\camel-xslt\3.14.7\camel-xslt-3.14.7.jar;C:\Users\anoop.kumar.rai\.m2\repository\org\apache\camel\camel-xml-jaxb\3.14.7\camel-xml-jaxb-3.14.7.jar;C:\Users\anoop.kumar.rai\.m2\repository\jakarta\xml\bind\jakarta.xml.bind-api\2.3.3\jakarta.xml.bind-api-2.3.3.jar;C:\Users\anoop.kumar.rai\.m2\repository\jakarta\activation\jakarta.activation-api\1.2.2\jakarta.activation-api-1.2.2.jar;C:\Users\anoop.kumar.rai\.m2\repository\com\sun\xml\bind\jaxb-core\2.3.0\jaxb-core-2.3.0.jar;C:\Users\anoop.kumar.rai\.m2\repository\com\sun\xml\bind\jaxb-impl\2.3.3\jaxb-impl-2.3.3.jar;C:\Users\anoop.kumar.rai\.m2\repository\com\sun\activation\jakarta.activation\1.2.2\jakarta.activation-1.2.2.jar;C:\Users\anoop.kumar.rai\.m2\repository\org\apache\camel\camel-xml-jaxp\3.14.7\camel-xml-jaxp-3.14.7.jar;C:\Users\anoop.kumar.rai\.m2\repository\org\apache\camel\camel-xml-io-util\3.14.7\camel-xml-io-util-3.14.7.jar;C:\Users\anoop.kumar.rai\.m2\repository\org\slf4j\slf4j-api\1.7.36\slf4j-api-1.7.36.jar;C:\Users\anoop.kumar.rai\.m2\repository\org\codehaus\groovy\groovy\2.4.21\groovy-2.4.21.jar;C:\Users\anoop.kumar.rai\.m2\repository\org\mockito\mockito-core\4.11.0\mockito-core-4.11.0.jar;C:\Users\anoop.kumar.rai\.m2\repository\net\bytebuddy\byte-buddy\1.12.19\byte-buddy-1.12.19.jar;C:\Users\anoop.kumar.rai\.m2\repository\net\bytebuddy\byte-buddy-agent\1.12.19\byte-buddy-agent-1.12.19.jar;C:\Users\anoop.kumar.rai\.m2\repository\org\objenesis\objenesis\3.3\objenesis-3.3.jar;C:\Users\anoop.kumar.rai\.m2\repository\org\mockito\mockito-inline\4.11.0\mockito-inline-4.11.0.jar;"/>
    <property name="sun.cpu.endian" value="little"/>
    <property name="user.home" value="C:\Users\anoop.kumar.rai"/>
    <property name="user.language" value="en"/>
    <property name="java.specification.vendor" value="Oracle Corporation"/>
    <property name="java.version.date" value="2024-01-16"/>
    <property name="java.home" value="C:\Users\anoop.kumar.rai\Desktop\MAIN\SOFTWARE\openjdk-21\jdk-21.0.2"/>
    <property name="file.separator" value="\"/>
    <property name="basedir" value="C:\Users\anoop.kumar.rai\Desktop\MAIN\workshop\sapcpi\SCPIScriptTest_v3"/>
    <property name="java.vm.compressedOopsMode" value="Zero based"/>
    <property name="line.separator" value="&#10;"/>
    <property name="java.vm.specification.vendor" value="Oracle Corporation"/>
    <property name="java.specification.name" value="Java Platform API Specification"/>
    <property name="surefire.real.class.path" value="C:\Users\anoop.kumar.rai\AppData\Local\Temp\surefire9949935233377170638\surefirebooter-20250903042737151_3.jar"/>
    <property name="user.script" value=""/>
    <property name="sun.management.compiler" value="HotSpot 64-Bit Tiered Compilers"/>
    <property name="java.runtime.version" value="21.0.2+13-58"/>
    <property name="user.name" value="anoop.kumar.rai"/>
    <property name="stdout.encoding" value="Cp1252"/>
    <property name="path.separator" value=";"/>
    <property name="os.version" value="10.0"/>
    <property name="java.runtime.name" value="OpenJDK Runtime Environment"/>
    <property name="file.encoding" value="UTF-8"/>
    <property name="java.vm.name" value="OpenJDK 64-Bit Server VM"/>
    <property name="localRepository" value="C:\Users\anoop.kumar.rai\.m2\repository"/>
    <property name="java.vendor.url.bug" value="https://bugreport.java.com/bugreport/"/>
    <property name="java.io.tmpdir" value="C:\Users\ANOOPK~1.RAI\AppData\Local\Temp\"/>
    <property name="java.version" value="21.0.2"/>
    <property name="user.dir" value="C:\Users\anoop.kumar.rai\Desktop\MAIN\workshop\sapcpi\SCPIScriptTest_v3"/>
    <property name="os.arch" value="amd64"/>
    <property name="java.vm.specification.name" value="Java Virtual Machine Specification"/>
    <property name="sun.os.patch.level" value=""/>
    <property name="native.encoding" value="Cp1252"/>
    <property name="java.library.path" value="C:\Users\anoop.kumar.rai\Desktop\MAIN\SOFTWARE\openjdk-21\jdk-21.0.2\bin;C:\WINDOWS\Sun\Java\bin;C:\WINDOWS\system32;C:\WINDOWS;C:\WINDOWS\system32;C:\WINDOWS;C:\WINDOWS\System32\Wbem;C:\WINDOWS\System32\WindowsPowerShell\v1.0\;C:\WINDOWS\System32\OpenSSH\;C:\Program Files\PuTTY\;C:\Users\anoop.kumar.rai\Desktop\MAIN\SOFTWARE\openjdk-21\jdk-21.0.2\bin;C:\Program Files\OpenSSL-Win64\bin;C:\Program Files\dotnet\;C:\Users\anoop.kumar.rai\AppData\Local\Programs\Python\Python313;C:\Users\anoop.kumar.rai\AppData\Local\Programs\Python\Python313\Scripts;C:\Users\anoop.kumar.rai\Desktop\MAIN\SOFTWARE\node_v22_16_0\node-v22.16.0-win-x64;C:\Users\anoop.kumar.rai\Desktop\MAIN\SOFTWARE\Git\bin;C:\Users\anoop.kumar.rai\Desktop\MAIN\SOFTWARE\apache-maven-3.9.11\bin;C:\Users\anoop.kumar.rai\AppData\Local\Programs\Python\Launcher\;C:\Users\anoop.kumar.rai\AppData\Local\Microsoft\WindowsApps;C:\Users\anoop.kumar.rai\AppData\Local\Programs\Microsoft VS Code\bin;C:\Users\anoop.kumar.rai\.dotnet\tools;c:\Users\anoop.kumar.rai\AppData\Roaming\Code\User\globalStorage\github.copilot-chat\debugCommand;."/>
    <property name="java.vm.info" value="mixed mode, sharing"/>
    <property name="stderr.encoding" value="Cp1252"/>
    <property name="java.vendor" value="Oracle Corporation"/>
    <property name="java.vm.version" value="21.0.2+13-58"/>
    <property name="sun.io.unicode.encoding" value="UnicodeLittle"/>
    <property name="java.class.version" value="65.0"/>
  </properties>
</testsuite>